
> sistema-comercial-frontend@0.1.0 build
> tsc -b && vite build

src/features/catalogo/componentes/productos/TablaProductos.tsx(5,33): error TS2307: Cannot find module '@compartido/utilidades/formateo/formatearMoneda' or its corresponding type declarations.
src/features/catalogo/componentes/productos/TarjetaProducto.tsx(6,33): error TS2307: Cannot find module '@compartido/utilidades/formateo/formatearMoneda' or its corresponding type declarations.
src/features/compras/compras/componentes/CompraForm.tsx(56,30): error TS6133: 'Compra' is declared but its value is never read.
src/features/configuracion/componentes/SerieComprobanteForm.tsx(10,50): error TS2307: Cannot find module '../../../lib/i18n' or its corresponding type declarations.
src/features/ventas/componentes/pos/CarritoCompras.tsx(15,33): error TS2307: Cannot find module '@compartido/utilidades/formateo/formatearMoneda' or its corresponding type declarations.
src/features/ventas/componentes/pos/DialogoFinalizarVenta.tsx(21,33): error TS2307: Cannot find module '@compartido/utilidades/formateo/formatearMoneda' or its corresponding type declarations.
src/features/ventas/componentes/pos/GridProductosPOS.tsx(9,33): error TS2307: Cannot find module '@compartido/utilidades/formateo/formatearMoneda' or its corresponding type declarations.
src/features/ventas/componentes/pos/SelectorMetodoPago.tsx(7,33): error TS2307: Cannot find module '@compartido/utilidades/formateo/formatearMoneda' or its corresponding type declarations.
src/features/ventas/hooks/useCarrito.ts(4,38): error TS2307: Cannot find module '@compartido/utilidades/calculos/calculos' or its corresponding type declarations.
